<?xml version="1.0" encoding="UTF-8"?>
<!-- Generated by org.testng.reporters.JUnitReportReporter -->
<testsuite hostname="Raviraj-PC" name="hiddenFieldValue.HiddenFieldValueDemo" tests="1" failures="0" timestamp="28 Feb 2021 11:03:44 GMT" time="101.353" errors="0">
  <testcase name="setup" time="101.353" classname="hiddenFieldValue.HiddenFieldValueDemo"/>
</testsuite> <!-- hiddenFieldValue.HiddenFieldValueDemo -->
